T0D7C 2692:981 SEGGER J-Link V6.10 Log File (0000ms, 13905ms total)
T0D7C 2692:981 DLL Compiled: Sep 14 2016 16:45:07 (0000ms, 13905ms total)
T0D7C 2692:981 Logging started @ 2018-03-19 20:03 (0000ms, 13905ms total)
T1694 2693:334 JLINK_EMU_GetList(InterfaceMask = 0x00000001, MaxInfos = 0x00000032) [0]: USB, S/N: 28012476  returns 0x01 (0001ms, 13906ms total)
T0D7C 2693:488 JLINK_ExecCommand("Device = AT91SAM4SD32C", ...). Device "ATSAM4SD32C" selected.  returns 0x00 (0001ms, 13907ms total)
T0D7C 2693:494 JLINK_ExecCommand("ProjectFile = T:\14.02014-9\Aula-1\PIO_DIURNO_PIKA\PIO_DIURNO_PIKA\jlink.config", ...).   returns 0x00 (0000ms, 13907ms total)
T0D7C 2694:020 JLINK_ExecCommand("Device = AT91SAM4SD32C", ...). Device "ATSAM4SD32C" selected.  returns 0x00 (0001ms, 13908ms total)
T0D7C 2694:021 JLINK_TIF_Select(JLINKARM_TIF_JTAG)  returns 0x00 (0003ms, 13911ms total)
T0D7C 2694:024 JLINK_GetIdData(...) >0x2F8 JTAG>TotalIRLen = 4, IRPrint = 0x01 >0x30 JTAG> >0x410 JTAG> >0x70 JTAG> >0x48 JTAG> >0x40 JTAG> >0x48 JTAG>AP-IDR: 0x24770011, Type: AHB-AP >0x78 JTAG> >0x40 JTAG> >0x30 JTAG> >0x40 JTAG> >0x40 JTAG> >0x30 JTAG> >0x40 JTAG> >0x48 JTAG>Found Cortex-M4 r0p1, Little endian. -- CPU_ReadMem(4 bytes @ 0xE000EDF0) -- CPU_ReadMem(4 bytes @ 0xE0002000)FPUnit: 6 code (BP) slots and 2 literal slots -- CPU_ReadMem(4 bytes @ 0xE000EDFC) -- CPU_ReadMem(4 bytes @ 0xE0001000)
 -- CPU_WriteMem(4 bytes @ 0xE0001000) -- CPU_ReadMem(4 bytes @ 0xE000ED88) -- CPU_WriteMem(4 bytes @ 0xE000ED88) -- CPU_ReadMem(4 bytes @ 0xE000ED88) -- CPU_WriteMem(4 bytes @ 0xE000ED88)CoreSight components:ROMTbl 0 @ E00FF000 -- CPU_ReadMem(16 bytes @ 0xE00FF000) -- CPU_ReadMem(16 bytes @ 0xE000EFF0) -- CPU_ReadMem(16 bytes @ 0xE000EFE0)ROMTbl 0 [0]: FFF0F000, CID: B105E00D, PID: 000BB000 SCS -- CPU_ReadMem(16 bytes @ 0xE0001FF0) -- CPU_ReadMem(16 bytes @ 0xE0001FE0)
ROMTbl 0 [1]: FFF02000, CID: B105E00D, PID: 003BB002 DWT -- CPU_ReadMem(16 bytes @ 0xE0002FF0) -- CPU_ReadMem(16 bytes @ 0xE0002FE0)ROMTbl 0 [2]: FFF03000, CID: B105E00D, PID: 002BB003 FPB -- CPU_ReadMem(16 bytes @ 0xE0000FF0) -- CPU_ReadMem(16 bytes @ 0xE0000FE0)ROMTbl 0 [3]: FFF01000, CID: B105E00D, PID: 003BB001 ITM -- CPU_ReadMem(16 bytes @ 0xE00FF010) -- CPU_ReadMem(16 bytes @ 0xE0040FF0) -- CPU_ReadMem(16 bytes @ 0xE0040FE0)ROMTbl 0 [4]: FFF41000, CID: B105900D, PID: 000BB9A1 TPIU ScanLen=4
 NumDevices=1 aId[0]=0x4BA00477 aIrRead[0]=0 aScanLen[0]=0 aScanRead[0]=0 (0043ms, 13954ms total)
T0D7C 2694:067 JLINK_ConfigJTAG(IRPre = 0, DRPre = 0) (0000ms, 13954ms total)
T0D7C 2694:067 JLINK_SetSpeed(4000) (0000ms, 13954ms total)
T0D7C 2694:067 JLINK_ResetPullsRESET(OFF) (0000ms, 13954ms total)
T0D7C 2694:067 JLINK_Connect() >0x2F8 JTAG>TotalIRLen = 4, IRPrint = 0x01 >0x30 JTAG> >0x410 JTAG> >0x70 JTAG> >0x48 JTAG> >0x40 JTAG> >0x48 JTAG>AP-IDR: 0x24770011, Type: AHB-AP >0x78 JTAG> >0x40 JTAG> >0x30 JTAG> >0x40 JTAG> >0x40 JTAG> >0x30 JTAG> >0x40 JTAG> >0x48 JTAG>Found Cortex-M4 r0p1, Little endian. -- CPU_ReadMem(4 bytes @ 0xE000EDF0) -- CPU_ReadMem(4 bytes @ 0xE0002000)FPUnit: 6 code (BP) slots and 2 literal slots -- CPU_ReadMem(4 bytes @ 0xE000EDFC) -- CPU_ReadMem(4 bytes @ 0xE0001000)
 -- CPU_WriteMem(4 bytes @ 0xE0001000) -- CPU_ReadMem(4 bytes @ 0xE000ED88) -- CPU_WriteMem(4 bytes @ 0xE000ED88) -- CPU_ReadMem(4 bytes @ 0xE000ED88) -- CPU_WriteMem(4 bytes @ 0xE000ED88)CoreSight components:ROMTbl 0 @ E00FF000 -- CPU_ReadMem(16 bytes @ 0xE00FF000) -- CPU_ReadMem(16 bytes @ 0xE000EFF0) -- CPU_ReadMem(16 bytes @ 0xE000EFE0)ROMTbl 0 [0]: FFF0F000, CID: B105E00D, PID: 000BB000 SCS -- CPU_ReadMem(16 bytes @ 0xE0001FF0) -- CPU_ReadMem(16 bytes @ 0xE0001FE0)
ROMTbl 0 [1]: FFF02000, CID: B105E00D, PID: 003BB002 DWT -- CPU_ReadMem(16 bytes @ 0xE0002FF0) -- CPU_ReadMem(16 bytes @ 0xE0002FE0)ROMTbl 0 [2]: FFF03000, CID: B105E00D, PID: 002BB003 FPB -- CPU_ReadMem(16 bytes @ 0xE0000FF0) -- CPU_ReadMem(16 bytes @ 0xE0000FE0)ROMTbl 0 [3]: FFF01000, CID: B105E00D, PID: 003BB001 ITM -- CPU_ReadMem(16 bytes @ 0xE00FF010) -- CPU_ReadMem(16 bytes @ 0xE0040FF0) -- CPU_ReadMem(16 bytes @ 0xE0040FE0)ROMTbl 0 [4]: FFF41000, CID: B105900D, PID: 000BB9A1 TPIU  returns 0x00
 (0028ms, 13982ms total)
T0D7C 2694:095 JLINK_Halt()  returns 0x00 (0004ms, 13986ms total)
T0D7C 2694:099 JLINK_WriteMem(0x400E0A04, 0x0004 Bytes, ...) - Data: 0B 01 00 5A -- CPU_WriteMem(4 bytes @ 0x400E0A04)  returns 0x04 (0002ms, 13988ms total)
T0D7C 2694:101 JLINK_ReadMem (0x400E0A08, 0x0004 Bytes, ...) -- CPU_ReadMem(4 bytes @ 0x400E0A08) - Data: 01 00 00 00  returns 0x00 (0001ms, 13989ms total)
T0D7C 2694:102 JLINK_WriteMem(0x400E0A04, 0x0004 Bytes, ...) - Data: 0C 02 00 5A -- CPU_WriteMem(4 bytes @ 0x400E0A04)  returns 0x04 (0000ms, 13989ms total)
T0D7C 2694:102 JLINK_ReadMem (0x400E0A08, 0x0004 Bytes, ...) -- CPU_ReadMem(4 bytes @ 0x400E0A08) - Data: 01 00 00 00  returns 0x00 (0001ms, 13990ms total)
T0D7C 2694:103 JLINK_Reset() -- CPU_ReadMem(16 bytes @ 0x20000000) -- CPU_WriteMem(16 bytes @ 0x20000000) -- CPU_ReadMem(4 bytes @ 0xE000EDFC) -- CPU_WriteMem(4 bytes @ 0xE000EDFC) -- CPU_ReadMem(4 bytes @ 0xE0001000) -- CPU_WriteMem(4 bytes @ 0xE000EDFC) -- CPU_WriteMem(16 bytes @ 0x20000000) -- CPU_WriteMem(4 bytes @ 0xE0002000) -- CPU_ReadMem(4 bytes @ 0xE000EDFC) -- CPU_ReadMem(4 bytes @ 0xE0001000) (0028ms, 14018ms total)
T0D7C 2694:132 JLINK_JTAG_GetDeviceID(DeviceIndex = 0)  returns 0x4BA00477 (0000ms, 14018ms total)
T0D7C 2694:132 JLINK_ReadMemU32(0x400E0740, 0x0001 Items, ...) -- CPU_ReadMem(4 bytes @ 0x400E0740) - Data: E0 0E A7 29  returns 0x01 (0001ms, 14019ms total)
T0D7C 2694:133 JLINK_ReadMemU32(0x400E0744, 0x0001 Items, ...) -- CPU_ReadMem(4 bytes @ 0x400E0744) - Data: 00 00 00 00  returns 0x01 (0001ms, 14020ms total)
T0D7C 2694:134 JLINK_WriteMem(0x400E0A04, 0x0004 Bytes, ...) - Data: 05 00 00 5A -- CPU_WriteMem(4 bytes @ 0x400E0A04)  returns 0x04 (0001ms, 14021ms total)
T0D7C 2694:135 JLINK_WriteMem(0x400E0C04, 0x0004 Bytes, ...) - Data: 05 00 00 5A -- CPU_WriteMem(4 bytes @ 0x400E0C04)  returns 0x04 (0001ms, 14022ms total)
T0D7C 2694:136 JLINK_ReadMem (0x400E0A08, 0x0004 Bytes, ...) -- CPU_ReadMem(4 bytes @ 0x400E0A08) - Data: 00 00 00 00  returns 0x00 (0000ms, 14022ms total)
T0D7C 2694:142 JLINK_ReadMem (0x400E0A08, 0x0004 Bytes, ...) -- CPU_ReadMem(4 bytes @ 0x400E0A08) - Data: 00 00 00 00  returns 0x00 (0001ms, 14023ms total)
T281C 2694:143 JLINK_IsHalted()  returns TRUE (0000ms, 14023ms total)
T281C 2694:143 JLINK_GetMOEs(...) -- CPU_ReadMem(4 bytes @ 0xE000ED30)  returns 0x01 (0001ms, 14024ms total)
T281C 2694:144 JLINK_ReadReg(R15 (PC))  returns 0x004007C8 (0000ms, 14024ms total)
T0D7C 2694:147 JLINK_ReadMem (0x400E0A08, 0x0004 Bytes, ...) -- CPU_ReadMem(4 bytes @ 0x400E0A08) - Data: 00 00 00 00  returns 0x00 (0000ms, 14024ms total)
T0D7C 2694:181 JLINK_ReadMem (0x400E0A08, 0x0004 Bytes, ...) -- CPU_ReadMem(4 bytes @ 0x400E0A08) - Data: 00 00 00 00  returns 0x00 (0001ms, 14025ms total)
T0D7C 2694:246 JLINK_ReadMem (0x400E0A08, 0x0004 Bytes, ...) -- CPU_ReadMem(4 bytes @ 0x400E0A08) - Data: 00 00 00 00  returns 0x00 (0001ms, 14026ms total)
T281C 2694:344 JLINK_IsHalted()  returns TRUE (0000ms, 14026ms total)
T0D7C 2694:531 JLINK_ReadMem (0x400E0A08, 0x0004 Bytes, ...) -- CPU_ReadMem(4 bytes @ 0x400E0A08) - Data: 00 00 00 00  returns 0x00 (0001ms, 14027ms total)
T281C 2694:544 JLINK_IsHalted()  returns TRUE (0000ms, 14027ms total)
T1694 2694:683 JLINK_EMU_GetList(InterfaceMask = 0x00000001, MaxInfos = 0x00000032) [0]: USB, S/N: 28012476  returns 0x01 (0001ms, 14028ms total)
T281C 2694:744 JLINK_IsHalted()  returns TRUE (0001ms, 14029ms total)
T281C 2694:946 JLINK_IsHalted()  returns TRUE (0000ms, 14028ms total)
T281C 2695:146 JLINK_IsHalted()  returns TRUE (0000ms, 14028ms total)
T281C 2695:346 JLINK_IsHalted()  returns TRUE (0001ms, 14029ms total)
T281C 2695:547 JLINK_IsHalted()  returns TRUE (0000ms, 14028ms total)
T0D7C 2695:582 JLINK_ReadMem (0x400E0A08, 0x0004 Bytes, ...) -- CPU_ReadMem(4 bytes @ 0x400E0A08) - Data: 00 00 00 00  returns 0x00 (0001ms, 14029ms total)
T0D7C 2695:583 JLINK_ReadMem (0x400E0C08, 0x0004 Bytes, ...) -- CPU_ReadMem(4 bytes @ 0x400E0C08) - Data: 00 00 00 00  returns 0x00 (0001ms, 14030ms total)
T0D7C 2695:585 JLINK_ReadMem (0x400E0C08, 0x0004 Bytes, ...) -- CPU_ReadMem(4 bytes @ 0x400E0C08) - Data: 00 00 00 00  returns 0x00 (0001ms, 14031ms total)
T0D7C 2695:590 JLINK_ReadMem (0x400E0C08, 0x0004 Bytes, ...) -- CPU_ReadMem(4 bytes @ 0x400E0C08) - Data: 00 00 00 00  returns 0x00 (0001ms, 14032ms total)
T0D7C 2695:632 JLINK_ReadMem (0x400E0C08, 0x0004 Bytes, ...) -- CPU_ReadMem(4 bytes @ 0x400E0C08) - Data: 00 00 00 00  returns 0x00 (0001ms, 14033ms total)
T0D7C 2695:697 JLINK_ReadMem (0x400E0C08, 0x0004 Bytes, ...) -- CPU_ReadMem(4 bytes @ 0x400E0C08) - Data: 00 00 00 00  returns 0x00 (0001ms, 14034ms total)
T281C 2695:747 JLINK_IsHalted()  returns TRUE (0000ms, 14034ms total)
T281C 2695:947 JLINK_IsHalted()  returns TRUE (0001ms, 14035ms total)
T0D7C 2695:981 JLINK_ReadMem (0x400E0C08, 0x0004 Bytes, ...) -- CPU_ReadMem(4 bytes @ 0x400E0C08) - Data: 00 00 00 00  returns 0x00 (0001ms, 14035ms total)
T1694 2696:033 JLINK_EMU_GetList(InterfaceMask = 0x00000001, MaxInfos = 0x00000032) [0]: USB, S/N: 28012476  returns 0x01 (0001ms, 14036ms total)
T281C 2696:148 JLINK_IsHalted()  returns TRUE (0000ms, 14036ms total)
T281C 2696:348 JLINK_IsHalted()  returns TRUE (0000ms, 14036ms total)
T281C 2696:548 JLINK_IsHalted()  returns TRUE (0001ms, 14037ms total)
T281C 2696:781 JLINK_IsHalted()  returns TRUE (0000ms, 14036ms total)
T281C 2696:981 JLINK_IsHalted()  returns TRUE (0000ms, 14036ms total)
T0D7C 2697:031 JLINK_ReadMem (0x400E0C08, 0x0004 Bytes, ...) -- CPU_ReadMem(4 bytes @ 0x400E0C08) - Data: 00 00 00 00  returns 0x00 (0001ms, 14037ms total)
T0D7C 2697:032 JLINK_ReadMem (0x400E0A08, 0x0004 Bytes, ...) -- CPU_ReadMem(4 bytes @ 0x400E0A08) - Data: 00 00 00 00  returns 0x00 (0001ms, 14038ms total)
T0D7C 2697:034 JLINK_ReadMem (0x400E0A08, 0x0004 Bytes, ...) -- CPU_ReadMem(4 bytes @ 0x400E0A08) - Data: 00 00 00 00  returns 0x00 (0001ms, 14039ms total)
T0D7C 2697:039 JLINK_ReadMem (0x400E0A08, 0x0004 Bytes, ...) -- CPU_ReadMem(4 bytes @ 0x400E0A08) - Data: 00 00 00 00  returns 0x00 (0001ms, 14040ms total)
T0D7C 2697:081 JLINK_ReadMem (0x400E0A08, 0x0004 Bytes, ...) -- CPU_ReadMem(4 bytes @ 0x400E0A08) - Data: 00 00 00 00  returns 0x00 (0001ms, 14041ms total)
T0D7C 2697:146 JLINK_ReadMem (0x400E0A08, 0x0004 Bytes, ...) -- CPU_ReadMem(4 bytes @ 0x400E0A08) - Data: 00 00 00 00  returns 0x00 (0001ms, 14042ms total)
T281C 2697:181 JLINK_IsHalted()  returns TRUE (0001ms, 14043ms total)
T281C 2697:382 JLINK_IsHalted()  returns TRUE (0000ms, 14042ms total)
T1694 2697:383 JLINK_EMU_GetList(InterfaceMask = 0x00000001, MaxInfos = 0x00000032) [0]: USB, S/N: 28012476  returns 0x01 (0001ms, 14043ms total)
T0D7C 2697:431 JLINK_ReadMem (0x400E0A08, 0x0004 Bytes, ...) -- CPU_ReadMem(4 bytes @ 0x400E0A08) - Data: 00 00 00 00  returns 0x00 (0001ms, 14044ms total)
T281C 2697:582 JLINK_IsHalted()  returns TRUE (0000ms, 14044ms total)
T281C 2697:782 JLINK_IsHalted()  returns TRUE (0001ms, 14045ms total)
T281C 2697:983 JLINK_IsHalted()  returns TRUE (0000ms, 14044ms total)
T281C 2698:183 JLINK_IsHalted()  returns TRUE (0000ms, 14044ms total)
T281C 2698:383 JLINK_IsHalted()  returns TRUE (0001ms, 14045ms total)
T0D7C 2698:481 JLINK_ReadMem (0x400E0A08, 0x0004 Bytes, ...) -- CPU_ReadMem(4 bytes @ 0x400E0A08) - Data: 00 00 00 00  returns 0x00 (0001ms, 14045ms total)
T0D7C 2698:482 JLINK_ReadMem (0x400E0C08, 0x0004 Bytes, ...) -- CPU_ReadMem(4 bytes @ 0x400E0C08) - Data: 01 00 00 00  returns 0x00 (0001ms, 14046ms total)
T0D7C 2698:483 JLINK_ReadMem (0x400E0A08, 0x0004 Bytes, ...) -- CPU_ReadMem(4 bytes @ 0x400E0A08) - Data: 00 00 00 00  returns 0x00 (0001ms, 14047ms total)
T0D7C 2698:485 JLINK_ReadMem (0x400E0A08, 0x0004 Bytes, ...) -- CPU_ReadMem(4 bytes @ 0x400E0A08) - Data: 00 00 00 00  returns 0x00 (0001ms, 14048ms total)
T0D7C 2698:490 JLINK_ReadMem (0x400E0A08, 0x0004 Bytes, ...) -- CPU_ReadMem(4 bytes @ 0x400E0A08) - Data: 00 00 00 00  returns 0x00 (0001ms, 14049ms total)
T0D7C 2698:531 JLINK_ReadMem (0x400E0A08, 0x0004 Bytes, ...) -- CPU_ReadMem(4 bytes @ 0x400E0A08) - Data: 00 00 00 00  returns 0x00 (0001ms, 14050ms total)
T281C 2698:584 JLINK_IsHalted()  returns TRUE (0000ms, 14050ms total)
T0D7C 2698:596 JLINK_ReadMem (0x400E0A08, 0x0004 Bytes, ...) -- CPU_ReadMem(4 bytes @ 0x400E0A08) - Data: 00 00 00 00  returns 0x00 (0001ms, 14051ms total)
T1694 2698:733 JLINK_EMU_GetList(InterfaceMask = 0x00000001, MaxInfos = 0x00000032) [0]: USB, S/N: 28012476  returns 0x01 (0001ms, 14052ms total)
T281C 2698:784 JLINK_IsHalted()  returns TRUE (0000ms, 14052ms total)
T0D7C 2698:881 JLINK_ReadMem (0x400E0A08, 0x0004 Bytes, ...) -- CPU_ReadMem(4 bytes @ 0x400E0A08) - Data: 00 00 00 00  returns 0x00 (0001ms, 14053ms total)
T281C 2698:984 JLINK_IsHalted()  returns TRUE (0001ms, 14054ms total)
T281C 2699:185 JLINK_IsHalted()  returns TRUE (0000ms, 14053ms total)
T281C 2699:385 JLINK_IsHalted()  returns TRUE (0000ms, 14053ms total)
T281C 2699:585 JLINK_IsHalted()  returns TRUE (0001ms, 14054ms total)
T281C 2699:786 JLINK_IsHalted()  returns TRUE (0000ms, 14053ms total)
T0D7C 2699:931 JLINK_ReadMem (0x400E0A08, 0x0004 Bytes, ...) -- CPU_ReadMem(4 bytes @ 0x400E0A08) - Data: 01 00 00 00  returns 0x00 (0001ms, 14054ms total)
T281C 2699:986 JLINK_IsHalted()  returns TRUE (0000ms, 14054ms total)
T0D7C 2699:986 JLINK_ResetPullsRESET(ON) (0000ms, 14054ms total)
T0D7C 2699:986 JLINK_ResetNoHalt() >0x2F8 JTAG>TotalIRLen = 4, IRPrint = 0x01 >0x30 JTAG> >0x410 JTAG> >0x70 JTAG> >0x48 JTAG> >0x40 JTAG> >0x48 JTAG>AP-IDR: 0x24770011, Type: AHB-AP >0x78 JTAG> >0x40 JTAG> >0x30 JTAG> >0x40 JTAG> >0x40 JTAG> >0x30 JTAG> >0x40 JTAG> >0x48 JTAG>Found Cortex-M4 r0p1, Little endian. -- CPU_ReadMem(4 bytes @ 0xE000EDF0) -- CPU_ReadMem(4 bytes @ 0xE0002000)FPUnit: 6 code (BP) slots and 2 literal slots -- CPU_ReadMem(4 bytes @ 0xE000EDFC) -- CPU_ReadMem(4 bytes @ 0xE0001000)
 -- CPU_ReadMem(4 bytes @ 0xE000ED88) -- CPU_WriteMem(4 bytes @ 0xE000ED88) -- CPU_ReadMem(4 bytes @ 0xE000ED88) -- CPU_WriteMem(4 bytes @ 0xE000ED88)CoreSight components:ROMTbl 0 @ E00FF000 -- CPU_ReadMem(16 bytes @ 0xE00FF000) -- CPU_ReadMem(16 bytes @ 0xE000EFF0) -- CPU_ReadMem(16 bytes @ 0xE000EFE0)ROMTbl 0 [0]: FFF0F000, CID: B105E00D, PID: 000BB000 SCS -- CPU_WriteMem(4 bytes @ 0xE0001000) -- CPU_ReadMem(16 bytes @ 0xE0001FF0) -- CPU_ReadMem(16 bytes @ 0xE0001FE0)
ROMTbl 0 [1]: FFF02000, CID: B105E00D, PID: 003BB002 DWT -- CPU_ReadMem(16 bytes @ 0xE0002FF0) -- CPU_ReadMem(16 bytes @ 0xE0002FE0)ROMTbl 0 [2]: FFF03000, CID: B105E00D, PID: 002BB003 FPB -- CPU_ReadMem(16 bytes @ 0xE0000FF0) -- CPU_ReadMem(16 bytes @ 0xE0000FE0)ROMTbl 0 [3]: FFF01000, CID: B105E00D, PID: 003BB001 ITM -- CPU_ReadMem(16 bytes @ 0xE00FF010) -- CPU_ReadMem(16 bytes @ 0xE0040FF0) -- CPU_ReadMem(16 bytes @ 0xE0040FE0)ROMTbl 0 [4]: FFF41000, CID: B105900D, PID: 000BB9A1 TPIU
                JLINK_Reset() -- CPU_ReadMem(16 bytes @ 0x20000000) -- CPU_WriteMem(16 bytes @ 0x20000000) -- CPU_ReadMem(4 bytes @ 0xE000EDFC) -- CPU_WriteMem(4 bytes @ 0xE000EDFC) -- CPU_ReadMem(4 bytes @ 0xE0001000) -- CPU_WriteMem(4 bytes @ 0xE0001004) -- CPU_WriteMem(4 bytes @ 0xE000EDFC) -- CPU_WriteMem(16 bytes @ 0x20000000) -- CPU_WriteMem(4 bytes @ 0xE0002000) -- CPU_ReadMem(4 bytes @ 0xE000EDFC) -- CPU_ReadMem(4 bytes @ 0xE0001000) (0030ms, 0030ms total)
                JLINK_Go() -- CPU_ReadMem(4 bytes @ 0xE0001000) -- CPU_WriteMem(4 bytes @ 0xE0001004) (0002ms, 0032ms total)
               (0061ms, 14115ms total)
T0D7C 2700:047 JLINK_ExecCommand("ProjectFile = T:\14.02014-9\Aula-1\PIO_DIURNO_PIKA\PIO_DIURNO_PIKA\jlink.config", ...).   returns 0x00 (0001ms, 14116ms total)
T1694 2700:083 JLINK_EMU_GetList(InterfaceMask = 0x00000001, MaxInfos = 0x00000032) [0]: USB, S/N: 28012476  returns 0x01 (0001ms, 14117ms total)
T0D7C 2700:846 JLINK_ExecCommand("Device = AT91SAM4SD32C", ...). Device "ATSAM4SD32C" selected.  returns 0x00 (0000ms, 14117ms total)
T0D7C 2700:846 JLINK_TIF_Select(JLINKARM_TIF_JTAG)  returns 0x00 (0000ms, 14117ms total)
T0D7C 2700:846 JLINK_GetIdData(...) ScanLen=4 NumDevices=1 aId[0]=0x4BA00477 aIrRead[0]=0 aScanLen[0]=0 aScanRead[0]=0 (0000ms, 14117ms total)
T0D7C 2700:846 JLINK_ConfigJTAG(IRPre = 0, DRPre = 0) (0000ms, 14117ms total)
T0D7C 2700:846 JLINK_SetSpeed(4000) (0001ms, 14118ms total)
T0D7C 2700:847 JLINK_ResetPullsRESET(OFF) (0000ms, 14118ms total)
T0D7C 2700:848 JLINK_Connect() >0x2F8 JTAG>TotalIRLen = 4, IRPrint = 0x01 >0x30 JTAG> >0x410 JTAG> >0x70 JTAG> >0x48 JTAG> >0x40 JTAG> >0x48 JTAG>AP-IDR: 0x24770011, Type: AHB-AP >0x78 JTAG> >0x40 JTAG> >0x30 JTAG> >0x40 JTAG> >0x40 JTAG> >0x30 JTAG> >0x40 JTAG> >0x48 JTAG>Found Cortex-M4 r0p1, Little endian. -- CPU_ReadMem(4 bytes @ 0xE000EDF0) -- CPU_ReadMem(4 bytes @ 0xE0002000)FPUnit: 6 code (BP) slots and 2 literal slots -- CPU_ReadMem(4 bytes @ 0xE000EDFC) -- CPU_ReadMem(4 bytes @ 0xE0001000)
 -- CPU_WriteMem(4 bytes @ 0xE0001000) -- CPU_ReadMem(4 bytes @ 0xE000ED88) -- CPU_WriteMem(4 bytes @ 0xE000ED88) -- CPU_ReadMem(4 bytes @ 0xE000ED88) -- CPU_WriteMem(4 bytes @ 0xE000ED88)CoreSight components:ROMTbl 0 @ E00FF000 -- CPU_ReadMem(16 bytes @ 0xE00FF000) -- CPU_ReadMem(16 bytes @ 0xE000EFF0) -- CPU_ReadMem(16 bytes @ 0xE000EFE0)ROMTbl 0 [0]: FFF0F000, CID: B105E00D, PID: 000BB000 SCS -- CPU_ReadMem(16 bytes @ 0xE0001FF0) -- CPU_ReadMem(16 bytes @ 0xE0001FE0)
ROMTbl 0 [1]: FFF02000, CID: B105E00D, PID: 003BB002 DWT -- CPU_ReadMem(16 bytes @ 0xE0002FF0) -- CPU_ReadMem(16 bytes @ 0xE0002FE0)ROMTbl 0 [2]: FFF03000, CID: B105E00D, PID: 002BB003 FPB -- CPU_ReadMem(16 bytes @ 0xE0000FF0) -- CPU_ReadMem(16 bytes @ 0xE0000FE0)ROMTbl 0 [3]: FFF01000, CID: B105E00D, PID: 003BB001 ITM -- CPU_ReadMem(16 bytes @ 0xE00FF010) -- CPU_ReadMem(16 bytes @ 0xE0040FF0) -- CPU_ReadMem(16 bytes @ 0xE0040FE0)ROMTbl 0 [4]: FFF41000, CID: B105900D, PID: 000BB9A1 TPIU  returns 0x00
 (0029ms, 14147ms total)
T0D7C 2700:877 JLINK_Halt()  returns 0x00 (0004ms, 14151ms total)
T0D7C 2700:881 JLINK_WriteMem(0x400E0A04, 0x0004 Bytes, ...) - Data: 0B 01 00 5A -- CPU_WriteMem(4 bytes @ 0x400E0A04)  returns 0x04 (0001ms, 14152ms total)
T0D7C 2700:882 JLINK_ReadMem (0x400E0A08, 0x0004 Bytes, ...) -- CPU_ReadMem(4 bytes @ 0x400E0A08) - Data: 01 00 00 00  returns 0x00 (0001ms, 14153ms total)
T0D7C 2700:883 JLINK_WriteMem(0x400E0A04, 0x0004 Bytes, ...) - Data: 0C 02 00 5A -- CPU_WriteMem(4 bytes @ 0x400E0A04)  returns 0x04 (0001ms, 14154ms total)
T0D7C 2700:884 JLINK_ReadMem (0x400E0A08, 0x0004 Bytes, ...) -- CPU_ReadMem(4 bytes @ 0x400E0A08) - Data: 01 00 00 00  returns 0x00 (0001ms, 14155ms total)
T0D7C 2700:885 JLINK_Reset() -- CPU_ReadMem(16 bytes @ 0x20000000) -- CPU_WriteMem(16 bytes @ 0x20000000) -- CPU_ReadMem(4 bytes @ 0xE000EDFC) -- CPU_WriteMem(4 bytes @ 0xE000EDFC) -- CPU_ReadMem(4 bytes @ 0xE0001000) -- CPU_WriteMem(4 bytes @ 0xE000EDFC) -- CPU_WriteMem(16 bytes @ 0x20000000) -- CPU_WriteMem(4 bytes @ 0xE0002000) -- CPU_ReadMem(4 bytes @ 0xE000EDFC) -- CPU_ReadMem(4 bytes @ 0xE0001000) (0028ms, 14183ms total)
T0D7C 2700:914 JLINK_JTAG_GetDeviceID(DeviceIndex = 0)  returns 0x4BA00477 (0000ms, 14183ms total)
T0D7C 2700:914 JLINK_ReadMemU32(0x400E0740, 0x0001 Items, ...) -- CPU_ReadMem(4 bytes @ 0x400E0740) - Data: E0 0E A7 29  returns 0x01 (0001ms, 14184ms total)
T0D7C 2700:915 JLINK_ReadMemU32(0x400E0744, 0x0001 Items, ...) -- CPU_ReadMem(4 bytes @ 0x400E0744) - Data: 00 00 00 00  returns 0x01 (0001ms, 14185ms total)
T0D7C 2700:921 JLINK_BeginDownload(Flags = 0x00) (0000ms, 14185ms total)
T0D7C 2700:921 JLINK_WriteMem(0x00400000, 0x0C44 Bytes, ...) - Data: D0 34 00 20 C9 07 40 00 C5 07 40 00 C5 07 40 00 ...  returns 0xC44 (0001ms, 14186ms total)
T0D7C 2700:922 JLINK_WriteMem(0x00400C44, 0x0438 Bytes, ...) - Data: BF F3 5F 8F 01 38 FB D1 70 47 00 BF 00 09 3D 00 ...  returns 0x438 (0000ms, 14186ms total)
T0D7C 2700:924 JLINK_EndDownload()Old firmware which does not support pausing periodic actions during flash download -- -------------------------------------- -- Start of determining dirty areas in flash cache -- End of determining dirty areas -- Start of preparing flash programming -- Calculating RAM usage -- RAM usage = 2932 Bytes -- Preserving CPU registers -- Preparing memory -- Determining CPU clock frequency -- Preparing target -- Downloading RAMCode -- Checking target RAM -- Preparing RAMCode
 -- End of preparing flash programming -- CPU is running at 90000 kHz. -- Start of comparing flash -- CRC check was estimated as fastest method -- Comparing range 0x400000 - 0x4011FF (9 Sectors, 4 KB), using multi-block CRC calculation -- CRC does not match for sectors 0-8 -- End of comparing flash -- Start of erasing sectors -- End of erasing sectors -- Start of flash programming -- Programming range 0x00400000 - 0x004011FF (009 Sectors, 4 KB) -- End of flash programming
 -- 0x400000 - 0x4011FF (009 Sectors, 4 KB) -- Start of verifying flash -- Checksum calculation was estimated as fastest method -- Checksum is not supported by this flash bank. Switched to CRC method. -- End of verifying flash -- Start of restoring -- Restoring RAMCode -- Restore target -- Restore memory -- Restoring CPU registers -- End of restoring -- Flash programming performed for 1 range (4608 bytes)
 -- Total time needed: 0.272s (Prepare: 0.182s, Compare: 0.003s, Erase: 0.000s, Program: 0.030s, Verify: 0.000s, Restore: 0.056s)  returns 0x1200 (0276ms, 14462ms total)
T2984 2701:200 JLINK_IsHalted()  returns TRUE (0000ms, 14462ms total)
T2984 2701:200 JLINK_GetMOEs(...) -- CPU_ReadMem(4 bytes @ 0xE000ED30)  returns 0x01 (0001ms, 14463ms total)
T2984 2701:201 JLINK_ReadReg(R15 (PC))  returns 0xFFFFFFFE (0000ms, 14463ms total)
T29D8 2701:281 JLINK_Halt()  returns 0x00 (0000ms, 14463ms total)
T29D8 2701:281 JLINK_ReadReg(R15 (PC))  returns 0xFFFFFFFE (0000ms, 14463ms total)
T29D8 2701:281 JLINK_ReadReg(R13 (SP))  returns 0xFFFFFFFC (0000ms, 14463ms total)
T29D8 2701:312 JLINK_ReadReg(R0)  returns 0x400E1400 (0000ms, 14463ms total)
T29D8 2701:312 JLINK_ReadReg(R1)  returns 0x40C00000 (0000ms, 14463ms total)
T29D8 2701:312 JLINK_ReadReg(R2)  returns 0xA5000005 (0000ms, 14463ms total)
T29D8 2701:312 JLINK_ReadReg(R3)  returns 0x00100000 (0000ms, 14463ms total)
T29D8 2701:312 JLINK_ReadReg(R4)  returns 0x400E0E00 (0000ms, 14463ms total)
T29D8 2701:312 JLINK_ReadReg(R5)  returns 0x400E1200 (0000ms, 14463ms total)
T29D8 2701:312 JLINK_ReadReg(R6)  returns 0x20000001 (0000ms, 14463ms total)
T29D8 2701:312 JLINK_ReadReg(R7)  returns 0x0082CA25 (0000ms, 14463ms total)
T29D8 2701:312 JLINK_ReadReg(R8)  returns 0x71E25F22 (0000ms, 14463ms total)
T29D8 2701:312 JLINK_ReadReg(R9)  returns 0x095140BD (0000ms, 14463ms total)
T29D8 2701:312 JLINK_ReadReg(R10)  returns 0x955DBE8D (0000ms, 14463ms total)
T29D8 2701:312 JLINK_ReadReg(R11)  returns 0x1ECCB859 (0000ms, 14463ms total)
T29D8 2701:312 JLINK_ReadReg(R12)  returns 0x1F1CF734 (0000ms, 14463ms total)
T29D8 2701:312 JLINK_ReadReg(R13 (SP))  returns 0xFFFFFFFC (0000ms, 14463ms total)
T29D8 2701:312 JLINK_ReadReg(R14)  returns 0xFFFFFFFF (0000ms, 14463ms total)
T29D8 2701:312 JLINK_ReadReg(R15 (PC))  returns 0xFFFFFFFE (0000ms, 14463ms total)
T29D8 2701:312 JLINK_ReadReg(XPSR)  returns 0x01000000 (0000ms, 14463ms total)
T29D8 2701:312 JLINK_ReadReg(MSP)  returns 0xFFFFFFFC (0000ms, 14463ms total)
T29D8 2701:312 JLINK_ReadReg(PSP)  returns 0xA9EFD6F8 (0000ms, 14463ms total)
T29D8 2701:312 JLINK_ReadReg(PRIMASK)  returns 0x00000000 (0000ms, 14463ms total)
T29D8 2701:312 JLINK_ReadReg(BASEPRI)  returns 0x00000000 (0000ms, 14463ms total)
T29D8 2701:312 JLINK_ReadReg(FAULTMASK)  returns 0x00000000 (0000ms, 14463ms total)
T29D8 2701:312 JLINK_ReadReg(CONTROL)  returns 0x00000000 (0000ms, 14463ms total)
T29D8 2701:322 JLINK_Reset() -- CPU_ReadMem(16 bytes @ 0x20000000) -- CPU_WriteMem(16 bytes @ 0x20000000) -- CPU_ReadMem(4 bytes @ 0xE000EDFC) -- CPU_WriteMem(4 bytes @ 0xE000EDFC) -- CPU_ReadMem(4 bytes @ 0xE0001000) -- CPU_WriteMem(4 bytes @ 0xE000ED30) -- CPU_WriteMem(4 bytes @ 0xE000EDFC) -- CPU_WriteMem(16 bytes @ 0x20000000) -- CPU_WriteMem(4 bytes @ 0xE0002000) -- CPU_ReadMem(4 bytes @ 0xE000EDFC) -- CPU_ReadMem(4 bytes @ 0xE0001000) (0030ms, 14493ms total)
T2984 2701:352 JLINK_IsHalted()  returns TRUE (0000ms, 14493ms total)
T2984 2701:352 JLINK_GetMOEs(...) -- CPU_ReadMem(4 bytes @ 0xE000ED30)  returns 0x01 (0001ms, 14494ms total)
T2984 2701:353 JLINK_ReadReg(R15 (PC))  returns 0x004007C8 (0000ms, 14494ms total)
T29D8 2701:362 JLINK_ReadReg(R15 (PC))  returns 0x004007C8 (0000ms, 14494ms total)
T29D8 2701:362 JLINK_ReadReg(R13 (SP))  returns 0x200034D0 (0000ms, 14494ms total)
T29D8 2701:367 JLINK_ReadMemHW(0x004007C8, 0x0004 Bytes, ...) -- CPU_ReadMem(4 bytes @ 0x004007C8) - Data: 08 B5 20 4B  returns 0x00 (0001ms, 14495ms total)
T29D8 2701:399 JLINK_ReadMemHW(0x00400A20, 0x0001 Bytes, ...) -- CPU_ReadMem(1 bytes @ 0x00400A20) - Data: 80  returns 0x00 (0001ms, 14496ms total)
T29D8 2701:430 JLINK_ReadReg(R15 (PC))  returns 0x004007C8 (0000ms, 14496ms total)
T29D8 2701:430 JLINK_GetNumBPUnits(Type = 0xFFFFFF02)  returns 0x06 (0000ms, 14496ms total)
T29D8 2701:430 JLINK_SetBPEx(Addr = 0x00400A20, Type = 0xFFFFFFF2)  returns 0x00000001 (0000ms, 14496ms total)
T29D8 2701:430 JLINK_GetBPInfo(BPHandle = 1)  returns 0x00 (0000ms, 14496ms total)
T29D8 2701:430 JLINK_Go() -- CPU_ReadMem(4 bytes @ 0xE0001000) -- CPU_WriteMem(4 bytes @ 0xE000ED30) -- CPU_WriteMem(4 bytes @ 0xE0002008) -- CPU_WriteMem(4 bytes @ 0xE000200C) -- CPU_WriteMem(4 bytes @ 0xE0002010) -- CPU_WriteMem(4 bytes @ 0xE0002014) -- CPU_WriteMem(4 bytes @ 0xE0002018) -- CPU_WriteMem(4 bytes @ 0xE000201C) -- CPU_WriteMem(4 bytes @ 0xE0001004) (0005ms, 14501ms total)
T1694 2701:435 JLINK_EMU_GetList(InterfaceMask = 0x00000001, MaxInfos = 0x00000032) [0]: USB, S/N: 28012476  returns 0x01 (0001ms, 14502ms total)
T2984 2701:436 JLINK_IsHalted()  returns TRUE (0003ms, 14505ms total)
T2984 2701:439 JLINK_GetMOEs(...) -- CPU_ReadMem(4 bytes @ 0xE000ED30)  returns 0x01 (0001ms, 14506ms total)
T2984 2701:440 JLINK_ReadReg(R15 (PC))  returns 0x00400A20 (0000ms, 14506ms total)
T2984 2701:440 JLINK_WriteU32(0xE000EDFC, 0x01000000) -- CPU_WriteMem(4 bytes @ 0xE000EDFC)  returns 0x00 (0001ms, 14507ms total)
T2984 2701:441 JLINK_ReadMem (0xE0001000, 0x0004 Bytes, ...) -- CPU_ReadMem(4 bytes @ 0xE0001000) - Data: 01 00 00 40  returns 0x00 (0001ms, 14508ms total)
T2984 2701:442 JLINK_WriteU32(0xE0001000, 0x40000001)  returns 0x00 (0000ms, 14508ms total)
T2984 2701:442 JLINK_WriteU32(0xE0001028, 0x00000100)  returns 0x00 (0000ms, 14508ms total)
T2984 2701:442 JLINK_ReadMem (0xE0001028, 0x0004 Bytes, ...) -- CPU_WriteMem(4 bytes @ 0xE0001028) -- CPU_ReadMem(4 bytes @ 0xE0001028) - Data: 00 00 00 00  returns 0x00 (0001ms, 14509ms total)
T2984 2701:443 JLINK_WriteU32(0xE0001024, 0x0000001F)  returns 0x00 (0000ms, 14509ms total)
T2984 2701:443 JLINK_ReadMem (0xE0001024, 0x0004 Bytes, ...) -- CPU_WriteMem(4 bytes @ 0xE0001024) -- CPU_ReadMem(4 bytes @ 0xE0001024) - Data: 0F 00 00 00  returns 0x00 (0002ms, 14511ms total)
T2984 2701:445 JLINK_WriteU32(0xE0001038, 0x00000100)  returns 0x00 (0000ms, 14511ms total)
T2984 2701:445 JLINK_ReadMem (0xE0001038, 0x0004 Bytes, ...) -- CPU_WriteMem(4 bytes @ 0xE0001038) -- CPU_ReadMem(4 bytes @ 0xE0001038) - Data: 00 03 00 00  returns 0x00 (0002ms, 14513ms total)
T2984 2701:447 JLINK_WriteU32(0xE0001034, 0x0000001F)  returns 0x00 (0000ms, 14513ms total)
T2984 2701:447 JLINK_ReadMem (0xE0001034, 0x0004 Bytes, ...) -- CPU_WriteMem(4 bytes @ 0xE0001034) -- CPU_ReadMem(4 bytes @ 0xE0001034) - Data: 0F 00 00 00  returns 0x00 (0001ms, 14514ms total)
T2984 2701:448 JLINK_WriteU32(0xE0001048, 0x00000100)  returns 0x00 (0000ms, 14514ms total)
T2984 2701:448 JLINK_ReadMem (0xE0001048, 0x0004 Bytes, ...) -- CPU_WriteMem(4 bytes @ 0xE0001048) -- CPU_ReadMem(4 bytes @ 0xE0001048) - Data: 00 00 00 00  returns 0x00 (0001ms, 14515ms total)
T2984 2701:449 JLINK_WriteU32(0xE0001044, 0x0000001F)  returns 0x00 (0000ms, 14515ms total)
T2984 2701:449 JLINK_ReadMem (0xE0001044, 0x0004 Bytes, ...) -- CPU_WriteMem(4 bytes @ 0xE0001044) -- CPU_ReadMem(4 bytes @ 0xE0001044) - Data: 0F 00 00 00  returns 0x00 (0002ms, 14517ms total)
T2984 2701:451 JLINK_WriteU32(0xE0001058, 0x00000100)  returns 0x00 (0000ms, 14517ms total)
T2984 2701:451 JLINK_ReadMem (0xE0001058, 0x0004 Bytes, ...) -- CPU_WriteMem(4 bytes @ 0xE0001058) -- CPU_ReadMem(4 bytes @ 0xE0001058) - Data: 00 00 00 00  returns 0x00 (0002ms, 14519ms total)
T2984 2701:453 JLINK_WriteU32(0xE0001054, 0x0000001F)  returns 0x00 (0000ms, 14519ms total)
T2984 2701:453 JLINK_ReadMem (0xE0001054, 0x0004 Bytes, ...) -- CPU_WriteMem(4 bytes @ 0xE0001054) -- CPU_ReadMem(4 bytes @ 0xE0001054) - Data: 0F 00 00 00  returns 0x00 (0001ms, 14520ms total)
T2984 2701:454 JLINK_WriteU32(0xE0001020, 0x00000000)  returns 0x00 (0000ms, 14520ms total)
T2984 2701:454 JLINK_WriteU32(0xE0001024, 0x00000000)  returns 0x00 (0000ms, 14520ms total)
T2984 2701:454 JLINK_WriteU32(0xE0001028, 0x00000000)  returns 0x00 (0000ms, 14520ms total)
T2984 2701:454 JLINK_WriteU32(0xE0001030, 0x00000000)  returns 0x00 (0000ms, 14520ms total)
T2984 2701:454 JLINK_WriteU32(0xE0001034, 0x00000000)  returns 0x00 (0000ms, 14520ms total)
T2984 2701:454 JLINK_WriteU32(0xE0001038, 0x00000000)  returns 0x00 (0000ms, 14520ms total)
T2984 2701:454 JLINK_WriteU32(0xE0001040, 0x00000000)  returns 0x00 (0000ms, 14520ms total)
T2984 2701:454 JLINK_WriteU32(0xE0001044, 0x00000000)  returns 0x00 (0000ms, 14520ms total)
T2984 2701:454 JLINK_WriteU32(0xE0001048, 0x00000000)  returns 0x00 (0000ms, 14520ms total)
T2984 2701:454 JLINK_WriteU32(0xE0001050, 0x00000000)  returns 0x00 (0000ms, 14520ms total)
T2984 2701:454 JLINK_WriteU32(0xE0001054, 0x00000000)  returns 0x00 (0000ms, 14520ms total)
T2984 2701:454 JLINK_WriteU32(0xE0001058, 0x00000000)  returns 0x00 (0000ms, 14520ms total)
T2984 2701:454 JLINK_GetBPInfo(BPHandle = 1)  returns 0x00 (0000ms, 14520ms total)
T2984 2701:454 JLINK_ClrBPEx(BPHandle = 0x00000001)  returns 0x00 (0000ms, 14520ms total)
T29D8 2701:455 JLINK_ReadReg(R15 (PC))  returns 0x00400A20 (0000ms, 14520ms total)
T29D8 2701:455 JLINK_ReadReg(R13 (SP))  returns 0x200034C8 (0000ms, 14520ms total)
T29D8 2701:455 JLINK_ReadMemHW(0x00400A20, 0x0004 Bytes, ...) -- CPU_ReadMem(4 bytes @ 0x00400A20) - Data: 80 B5 28 4B  returns 0x00 (0000ms, 14520ms total)
T29D8 2701:466 JLINK_ReadReg(R15 (PC))  returns 0x00400A20 (0000ms, 14520ms total)
T29D8 2701:466 JLINK_Go() -- CPU_WriteMem(4 bytes @ 0xE0001000) -- CPU_ReadMem(4 bytes @ 0xE0001000) -- CPU_WriteMem(4 bytes @ 0xE000ED30) -- CPU_WriteMem(4 bytes @ 0xE0001020) -- CPU_WriteMem(4 bytes @ 0xE0001030) -- CPU_WriteMem(4 bytes @ 0xE0001040) -- CPU_WriteMem(4 bytes @ 0xE0001050) -- CPU_WriteMem(4 bytes @ 0xE0001024) -- CPU_WriteMem(4 bytes @ 0xE0001034) -- CPU_WriteMem(4 bytes @ 0xE0001044) -- CPU_WriteMem(4 bytes @ 0xE0001054) -- CPU_WriteMem(4 bytes @ 0xE0001028)
 -- CPU_WriteMem(4 bytes @ 0xE0001038) -- CPU_WriteMem(4 bytes @ 0xE0001048) -- CPU_WriteMem(4 bytes @ 0xE0001058) -- CPU_WriteMem(4 bytes @ 0xE0002008) (0007ms, 14527ms total)
T2984 2701:473 JLINK_IsHalted()  returns FALSE (0001ms, 14528ms total)
T2984 2701:531 JLINK_IsHalted()  returns FALSE (0001ms, 14528ms total)
T2984 2701:692 JLINK_IsHalted()  returns FALSE (0000ms, 14527ms total)
T2984 2701:892 JLINK_IsHalted()  returns FALSE (0001ms, 14528ms total)
T2984 2702:093 JLINK_IsHalted()  returns FALSE (0001ms, 14528ms total)
T2984 2702:294 JLINK_IsHalted()  returns FALSE (0001ms, 14528ms total)
T2984 2702:495 JLINK_IsHalted()  returns FALSE (0001ms, 14528ms total)
T2984 2702:696 JLINK_IsHalted()  returns FALSE (0001ms, 14528ms total)
T1694 2702:783 JLINK_EMU_GetList(InterfaceMask = 0x00000001, MaxInfos = 0x00000032) [0]: USB, S/N: 28012476  returns 0x01 (0001ms, 14528ms total)
T2984 2702:897 JLINK_IsHalted()  returns FALSE (0001ms, 14529ms total)
T2984 2703:098 JLINK_IsHalted()  returns FALSE (0001ms, 14529ms total)
T2984 2703:331 JLINK_IsHalted()  returns FALSE (0001ms, 14529ms total)
T2984 2703:532 JLINK_IsHalted()  returns FALSE (0001ms, 14529ms total)
T2984 2703:733 JLINK_IsHalted()  returns FALSE (0001ms, 14529ms total)
T2984 2703:934 JLINK_IsHalted()  returns FALSE (0001ms, 14529ms total)
T1694 2704:133 JLINK_EMU_GetList(InterfaceMask = 0x00000001, MaxInfos = 0x00000032) [0]: USB, S/N: 28012476  returns 0x01 (0001ms, 14529ms total)
T2984 2704:135 JLINK_IsHalted()  returns FALSE (0001ms, 14530ms total)
T2984 2704:336 JLINK_IsHalted()  returns FALSE (0001ms, 14530ms total)
T2984 2704:537 JLINK_IsHalted()  returns FALSE (0001ms, 14530ms total)
T2984 2704:738 JLINK_IsHalted()  returns FALSE (0001ms, 14530ms total)
T2984 2704:939 JLINK_IsHalted()  returns FALSE (0000ms, 14529ms total)
T2984 2705:139 JLINK_IsHalted()  returns FALSE (0000ms, 14529ms total)
T2984 2705:339 JLINK_IsHalted()  returns FALSE (0001ms, 14530ms total)
T1694 2705:483 JLINK_EMU_GetList(InterfaceMask = 0x00000001, MaxInfos = 0x00000032) [0]: USB, S/N: 28012476  returns 0x01 (0001ms, 14530ms total)
T2984 2705:540 JLINK_IsHalted()  returns FALSE (0001ms, 14531ms total)
T2984 2705:741 JLINK_IsHalted()  returns FALSE (0001ms, 14531ms total)
T2984 2705:942 JLINK_IsHalted()  returns FALSE (0001ms, 14531ms total)
T2984 2706:143 JLINK_IsHalted()  returns FALSE (0001ms, 14531ms total)
T2984 2706:344 JLINK_IsHalted()  returns FALSE (0001ms, 14531ms total)
T2984 2706:545 JLINK_IsHalted()  returns FALSE (0001ms, 14531ms total)
T2984 2706:746 JLINK_IsHalted()  returns FALSE (0000ms, 14530ms total)
T1694 2706:833 JLINK_EMU_GetList(InterfaceMask = 0x00000001, MaxInfos = 0x00000032) [0]: USB, S/N: 28012476  returns 0x01 (0001ms, 14531ms total)
T2984 2706:946 JLINK_IsHalted()  returns FALSE (0000ms, 14531ms total)
T2984 2707:146 JLINK_IsHalted()  returns FALSE (0001ms, 14532ms total)
T2984 2707:347 JLINK_IsHalted()  returns FALSE (0001ms, 14532ms total)
T2984 2707:548 JLINK_IsHalted()  returns FALSE (0001ms, 14532ms total)
T2984 2707:781 JLINK_IsHalted()  returns FALSE (0001ms, 14532ms total)
T2984 2707:982 JLINK_IsHalted()  returns FALSE (0001ms, 14532ms total)
T2984 2708:183 JLINK_IsHalted()  returns FALSE (0001ms, 14532ms total)
T1694 2708:184 JLINK_EMU_GetList(InterfaceMask = 0x00000001, MaxInfos = 0x00000032) [0]: USB, S/N: 28012476  returns 0x01 (0000ms, 14531ms total)
T2984 2708:384 JLINK_IsHalted()  returns FALSE (0000ms, 14531ms total)
T2984 2708:584 JLINK_IsHalted()  returns FALSE (0001ms, 14532ms total)
T2984 2708:785 JLINK_IsHalted()  returns FALSE (0001ms, 14532ms total)
T2984 2708:986 JLINK_IsHalted()  returns FALSE (0001ms, 14532ms total)
T2984 2709:187 JLINK_IsHalted()  returns FALSE (0001ms, 14532ms total)
T2984 2709:388 JLINK_IsHalted()  returns FALSE (0001ms, 14532ms total)
T1694 2709:533 JLINK_EMU_GetList(InterfaceMask = 0x00000001, MaxInfos = 0x00000032) [0]: USB, S/N: 28012476  returns 0x01 (0001ms, 14532ms total)
T2984 2709:589 JLINK_IsHalted()  returns FALSE (0001ms, 14533ms total)
T2984 2709:790 JLINK_IsHalted()  returns FALSE (0001ms, 14533ms total)
T2984 2709:991 JLINK_IsHalted()  returns FALSE (0001ms, 14533ms total)
T2984 2710:192 JLINK_IsHalted()  returns FALSE (0001ms, 14533ms total)
T2984 2710:393 JLINK_IsHalted()  returns FALSE (0001ms, 14533ms total)
T2984 2710:594 JLINK_IsHalted()  returns FALSE (0001ms, 14533ms total)
T2984 2710:795 JLINK_IsHalted()  returns FALSE (0001ms, 14533ms total)
T1694 2710:883 JLINK_EMU_GetList(InterfaceMask = 0x00000001, MaxInfos = 0x00000032) [0]: USB, S/N: 28012476  returns 0x01 (0001ms, 14533ms total)
T2984 2710:996 JLINK_IsHalted()  returns FALSE (0001ms, 14534ms total)
T2984 2711:197 JLINK_IsHalted()  returns FALSE (0001ms, 14534ms total)
T2984 2711:398 JLINK_IsHalted()  returns FALSE (0001ms, 14534ms total)
T2984 2711:631 JLINK_IsHalted()  returns FALSE (0000ms, 14533ms total)
T2984 2711:832 JLINK_IsHalted()  returns FALSE (0001ms, 14534ms total)
T2984 2712:033 JLINK_IsHalted()  returns FALSE (0000ms, 14533ms total)
T2984 2712:233 JLINK_IsHalted()  returns FALSE (0001ms, 14534ms total)
T1694 2712:234 JLINK_EMU_GetList(InterfaceMask = 0x00000001, MaxInfos = 0x00000032) [0]: USB, S/N: 28012476  returns 0x01 (0000ms, 14533ms total)
T2984 2712:435 JLINK_IsHalted()  returns FALSE (0001ms, 14534ms total)
T2984 2712:636 JLINK_IsHalted()  returns FALSE (0001ms, 14534ms total)
T2984 2712:837 JLINK_IsHalted()  returns FALSE (0001ms, 14534ms total)
T2984 2713:038 JLINK_IsHalted()  returns FALSE (0001ms, 14534ms total)
T2984 2713:239 JLINK_IsHalted()  returns FALSE (0001ms, 14534ms total)
T2984 2713:440 JLINK_IsHalted()  returns FALSE (0001ms, 14534ms total)
T1694 2713:583 JLINK_EMU_GetList(InterfaceMask = 0x00000001, MaxInfos = 0x00000032) [0]: USB, S/N: 28012476  returns 0x01 (0001ms, 14534ms total)
T2984 2713:642 JLINK_IsHalted()  returns FALSE (0001ms, 14535ms total)
T2984 2713:843 JLINK_IsHalted()  returns FALSE (0001ms, 14535ms total)
T2984 2714:044 JLINK_IsHalted()  returns FALSE (0001ms, 14535ms total)
T2984 2714:245 JLINK_IsHalted()  returns FALSE (0001ms, 14535ms total)
T2984 2714:446 JLINK_IsHalted()  returns FALSE (0001ms, 14535ms total)
T2984 2714:647 JLINK_IsHalted()  returns FALSE (0001ms, 14535ms total)
T2984 2714:848 JLINK_IsHalted()  returns FALSE (0001ms, 14535ms total)
T1694 2714:933 JLINK_EMU_GetList(InterfaceMask = 0x00000001, MaxInfos = 0x00000032) [0]: USB, S/N: 28012476  returns 0x01 (0001ms, 14535ms total)
T2984 2715:081 JLINK_IsHalted()  returns FALSE (0001ms, 14536ms total)
T2984 2715:282 JLINK_IsHalted()  returns FALSE (0001ms, 14536ms total)
T2984 2715:483 JLINK_IsHalted()  returns FALSE (0000ms, 14535ms total)
T2984 2715:683 JLINK_IsHalted()  returns FALSE (0001ms, 14536ms total)
T2984 2715:884 JLINK_IsHalted()  returns FALSE (0001ms, 14536ms total)
T2984 2716:085 JLINK_IsHalted()  returns FALSE (0001ms, 14536ms total)
T1694 2716:283 JLINK_EMU_GetList(InterfaceMask = 0x00000001, MaxInfos = 0x00000032) [0]: USB, S/N: 28012476  returns 0x01 (0001ms, 14536ms total)
T2984 2716:286 JLINK_IsHalted()  returns FALSE (0001ms, 14537ms total)
T2984 2716:487 JLINK_IsHalted()  returns FALSE (0001ms, 14537ms total)
T2984 2716:688 JLINK_IsHalted()  returns FALSE (0001ms, 14537ms total)
T2984 2716:889 JLINK_IsHalted()  returns FALSE (0001ms, 14537ms total)
T2984 2717:090 JLINK_IsHalted()  returns FALSE (0001ms, 14537ms total)
T2984 2717:291 JLINK_IsHalted()  returns FALSE (0001ms, 14537ms total)
T2984 2717:492 JLINK_IsHalted()  returns FALSE (0001ms, 14537ms total)
T1694 2717:633 JLINK_EMU_GetList(InterfaceMask = 0x00000001, MaxInfos = 0x00000032) [0]: USB, S/N: 28012476  returns 0x01 (0001ms, 14537ms total)
T2984 2717:693 JLINK_IsHalted()  returns FALSE (0001ms, 14538ms total)
T2984 2717:894 JLINK_IsHalted()  returns FALSE (0001ms, 14538ms total)
T2984 2718:095 JLINK_IsHalted()  returns FALSE (0001ms, 14538ms total)
T2984 2718:296 JLINK_IsHalted()  returns FALSE (0001ms, 14538ms total)
T2984 2718:497 JLINK_IsHalted()  returns FALSE (0001ms, 14538ms total)
T2984 2718:698 JLINK_IsHalted()  returns FALSE (0001ms, 14538ms total)
T2984 2718:931 JLINK_IsHalted()  returns FALSE (0001ms, 14538ms total)
T1694 2718:983 JLINK_EMU_GetList(InterfaceMask = 0x00000001, MaxInfos = 0x00000032) [0]: USB, S/N: 28012476  returns 0x01 (0001ms, 14538ms total)
T2984 2719:132 JLINK_IsHalted()  returns FALSE (0001ms, 14539ms total)
T2984 2719:333 JLINK_IsHalted()  returns FALSE (0001ms, 14539ms total)
T2984 2719:534 JLINK_IsHalted()  returns FALSE (0001ms, 14539ms total)
T2984 2719:735 JLINK_IsHalted()  returns FALSE (0001ms, 14539ms total)
T2984 2719:936 JLINK_IsHalted()  returns FALSE (0001ms, 14539ms total)
T2984 2720:137 JLINK_IsHalted()  returns FALSE (0001ms, 14539ms total)
T1694 2720:333 JLINK_EMU_GetList(InterfaceMask = 0x00000001, MaxInfos = 0x00000032) [0]: USB, S/N: 28012476  returns 0x01 (0001ms, 14539ms total)
T2984 2720:338 JLINK_IsHalted()  returns FALSE (0001ms, 14540ms total)
T2984 2720:539 JLINK_IsHalted()  returns FALSE (0001ms, 14540ms total)
T2984 2720:740 JLINK_IsHalted()  returns FALSE (0001ms, 14540ms total)
T2984 2720:941 JLINK_IsHalted()  returns FALSE (0001ms, 14540ms total)
T2984 2721:142 JLINK_IsHalted()  returns FALSE (0001ms, 14540ms total)
T29D8 2721:147 JLINK_Halt()  returns 0x00 (0004ms, 14543ms total)
T2984 2721:343 JLINK_IsHalted()  returns TRUE (0000ms, 14543ms total)
T2984 2721:343 JLINK_GetMOEs(...) -- CPU_ReadMem(4 bytes @ 0xE000ED30)  returns 0x01 (0001ms, 14544ms total)
T2984 2721:344 JLINK_ReadReg(R15 (PC))  returns 0x20000004 (0000ms, 14544ms total)
T0D7C 2721:344 JLINK_ResetPullsRESET(ON) (0000ms, 14544ms total)
T0D7C 2721:345 JLINK_ResetNoHalt() >0x2F8 JTAG>TotalIRLen = 4, IRPrint = 0x01 >0x30 JTAG> >0x410 JTAG> >0x70 JTAG> >0x48 JTAG> >0x40 JTAG> >0x48 JTAG>AP-IDR: 0x24770011, Type: AHB-AP >0x78 JTAG> >0x40 JTAG> >0x30 JTAG> >0x40 JTAG> >0x40 JTAG> >0x30 JTAG> >0x40 JTAG> >0x48 JTAG>Found Cortex-M4 r0p1, Little endian. -- CPU_ReadMem(4 bytes @ 0xE000EDF0) -- CPU_ReadMem(4 bytes @ 0xE0002000)FPUnit: 6 code (BP) slots and 2 literal slots -- CPU_ReadMem(4 bytes @ 0xE0001000) -- CPU_ReadMem(4 bytes @ 0xE000ED88)
 -- CPU_WriteMem(4 bytes @ 0xE000ED88) -- CPU_ReadMem(4 bytes @ 0xE000ED88) -- CPU_WriteMem(4 bytes @ 0xE000ED88)CoreSight components:ROMTbl 0 @ E00FF000 -- CPU_ReadMem(16 bytes @ 0xE00FF000) -- CPU_ReadMem(16 bytes @ 0xE000EFF0) -- CPU_ReadMem(16 bytes @ 0xE000EFE0)ROMTbl 0 [0]: FFF0F000, CID: B105E00D, PID: 000BB000 SCS -- CPU_WriteMem(4 bytes @ 0xE0001000) -- CPU_ReadMem(16 bytes @ 0xE0001FF0) -- CPU_ReadMem(16 bytes @ 0xE0001FE0)ROMTbl 0 [1]: FFF02000, CID: B105E00D, PID: 003BB002 DWT
 -- CPU_ReadMem(16 bytes @ 0xE0002FF0) -- CPU_ReadMem(16 bytes @ 0xE0002FE0)ROMTbl 0 [2]: FFF03000, CID: B105E00D, PID: 002BB003 FPB -- CPU_ReadMem(16 bytes @ 0xE0000FF0) -- CPU_ReadMem(16 bytes @ 0xE0000FE0)ROMTbl 0 [3]: FFF01000, CID: B105E00D, PID: 003BB001 ITM -- CPU_ReadMem(16 bytes @ 0xE00FF010) -- CPU_ReadMem(16 bytes @ 0xE0040FF0) -- CPU_ReadMem(16 bytes @ 0xE0040FE0)ROMTbl 0 [4]: FFF41000, CID: B105900D, PID: 000BB9A1 TPIU
                JLINK_Reset() -- CPU_ReadMem(16 bytes @ 0x20000000) -- CPU_WriteMem(16 bytes @ 0x20000000) -- CPU_ReadMem(4 bytes @ 0xE000EDFC) -- CPU_WriteMem(4 bytes @ 0xE000EDFC) -- CPU_ReadMem(4 bytes @ 0xE0001000) -- CPU_WriteMem(4 bytes @ 0xE000EDFC) -- CPU_WriteMem(16 bytes @ 0x20000000) -- CPU_WriteMem(4 bytes @ 0xE0002000) -- CPU_ReadMem(4 bytes @ 0xE000EDFC) -- CPU_ReadMem(4 bytes @ 0xE0001000) (0028ms, 0028ms total)
                JLINK_Go() -- CPU_ReadMem(4 bytes @ 0xE0001000) -- CPU_WriteMem(4 bytes @ 0xE0002008) -- CPU_WriteMem(4 bytes @ 0xE000200C) -- CPU_WriteMem(4 bytes @ 0xE0002010) -- CPU_WriteMem(4 bytes @ 0xE0002014) -- CPU_WriteMem(4 bytes @ 0xE0002018) -- CPU_WriteMem(4 bytes @ 0xE000201C) -- CPU_WriteMem(4 bytes @ 0xE0001004) (0005ms, 0033ms total)
               (0060ms, 14604ms total)
T0D7C 2721:409 JLINK_Close() -- CPU is running -- CPU_WriteMem(4 bytes @ 0xE0002008) -- CPU is running -- CPU_WriteMem(4 bytes @ 0xE000200C) -- CPU is running -- CPU_WriteMem(4 bytes @ 0xE0002010) -- CPU is running -- CPU_WriteMem(4 bytes @ 0xE0002014) -- CPU is running -- CPU_WriteMem(4 bytes @ 0xE0002018) -- CPU is running -- CPU_WriteMem(4 bytes @ 0xE000201C) >0x08 JTAG> (0010ms, 14614ms total)
T0D7C 2721:409  (0010ms, 14614ms total)
T0D7C 2721:409 Closed (0010ms, 14614ms total)
